{"/Users/leo_andrade/repos/linked-lists/LinkedList.js": {"path":"/Users/leo_andrade/repos/linked-lists/LinkedList.js","statementMap":{"0":{"start":{"line":3,"column":8},"end":{"line":3,"column":25}},"1":{"start":{"line":4,"column":8},"end":{"line":4,"column":24}},"2":{"start":{"line":8,"column":24},"end":{"line":8,"column":39}},"3":{"start":{"line":10,"column":8},"end":{"line":20,"column":9}},"4":{"start":{"line":11,"column":12},"end":{"line":11,"column":32}},"5":{"start":{"line":13,"column":26},"end":{"line":13,"column":35}},"6":{"start":{"line":15,"column":12},"end":{"line":17,"column":13}},"7":{"start":{"line":16,"column":16},"end":{"line":16,"column":39}},"8":{"start":{"line":19,"column":12},"end":{"line":19,"column":35}},"9":{"start":{"line":22,"column":8},"end":{"line":22,"column":22}},"10":{"start":{"line":26,"column":28},"end":{"line":26,"column":52}},"11":{"start":{"line":27,"column":8},"end":{"line":27,"column":45}},"12":{"start":{"line":27,"column":33},"end":{"line":27,"column":45}},"13":{"start":{"line":29,"column":8},"end":{"line":29,"column":49}},"14":{"start":{"line":30,"column":8},"end":{"line":30,"column":22}},"15":{"start":{"line":34,"column":24},"end":{"line":34,"column":50}},"16":{"start":{"line":35,"column":8},"end":{"line":35,"column":28}},"17":{"start":{"line":36,"column":8},"end":{"line":36,"column":22}},"18":{"start":{"line":40,"column":8},"end":{"line":40,"column":35}},"19":{"start":{"line":41,"column":8},"end":{"line":41,"column":22}},"20":{"start":{"line":45,"column":8},"end":{"line":45,"column":27}},"21":{"start":{"line":49,"column":8},"end":{"line":49,"column":25}},"22":{"start":{"line":53,"column":26},"end":{"line":53,"column":50}},"23":{"start":{"line":54,"column":8},"end":{"line":54,"column":27}},"24":{"start":{"line":58,"column":8},"end":{"line":58,"column":59}},"25":{"start":{"line":58,"column":47},"end":{"line":58,"column":59}},"26":{"start":{"line":60,"column":22},"end":{"line":60,"column":31}},"27":{"start":{"line":61,"column":8},"end":{"line":63,"column":9}},"28":{"start":{"line":61,"column":21},"end":{"line":61,"column":22}},"29":{"start":{"line":62,"column":12},"end":{"line":62,"column":35}},"30":{"start":{"line":64,"column":8},"end":{"line":64,"column":23}},"31":{"start":{"line":68,"column":22},"end":{"line":68,"column":31}},"32":{"start":{"line":70,"column":8},"end":{"line":75,"column":9}},"33":{"start":{"line":71,"column":12},"end":{"line":73,"column":13}},"34":{"start":{"line":72,"column":16},"end":{"line":72,"column":28}},"35":{"start":{"line":74,"column":12},"end":{"line":74,"column":35}},"36":{"start":{"line":76,"column":8},"end":{"line":76,"column":21}},"37":{"start":{"line":80,"column":20},"end":{"line":80,"column":21}},"38":{"start":{"line":81,"column":22},"end":{"line":81,"column":31}},"39":{"start":{"line":83,"column":8},"end":{"line":89,"column":9}},"40":{"start":{"line":84,"column":12},"end":{"line":86,"column":13}},"41":{"start":{"line":85,"column":16},"end":{"line":85,"column":29}},"42":{"start":{"line":87,"column":12},"end":{"line":87,"column":20}},"43":{"start":{"line":88,"column":12},"end":{"line":88,"column":35}},"44":{"start":{"line":91,"column":8},"end":{"line":91,"column":20}},"45":{"start":{"line":95,"column":21},"end":{"line":95,"column":23}},"46":{"start":{"line":96,"column":22},"end":{"line":96,"column":31}},"47":{"start":{"line":97,"column":8},"end":{"line":100,"column":9}},"48":{"start":{"line":98,"column":12},"end":{"line":98,"column":57}},"49":{"start":{"line":99,"column":12},"end":{"line":99,"column":35}},"50":{"start":{"line":101,"column":8},"end":{"line":101,"column":37}},"51":{"start":{"line":105,"column":8},"end":{"line":105,"column":52}},"52":{"start":{"line":105,"column":25},"end":{"line":105,"column":52}},"53":{"start":{"line":108,"column":21},"end":{"line":108,"column":39}},"54":{"start":{"line":109,"column":8},"end":{"line":109,"column":38}},"55":{"start":{"line":109,"column":26},"end":{"line":109,"column":38}},"56":{"start":{"line":111,"column":8},"end":{"line":111,"column":47}},"57":{"start":{"line":112,"column":8},"end":{"line":112,"column":22}},"58":{"start":{"line":116,"column":8},"end":{"line":116,"column":50}},"59":{"start":{"line":116,"column":25},"end":{"line":116,"column":50}},"60":{"start":{"line":119,"column":21},"end":{"line":119,"column":39}},"61":{"start":{"line":120,"column":8},"end":{"line":120,"column":38}},"62":{"start":{"line":120,"column":26},"end":{"line":120,"column":38}},"63":{"start":{"line":122,"column":8},"end":{"line":122,"column":35}},"64":{"start":{"line":123,"column":8},"end":{"line":123,"column":22}},"65":{"start":{"line":129,"column":8},"end":{"line":129,"column":27}},"66":{"start":{"line":130,"column":8},"end":{"line":130,"column":25}},"67":{"start":{"line":135,"column":0},"end":{"line":143,"column":1}},"68":{"start":{"line":136,"column":15},"end":{"line":136,"column":31}},"69":{"start":{"line":139,"column":4},"end":{"line":141,"column":5}},"70":{"start":{"line":139,"column":17},"end":{"line":139,"column":33}},"71":{"start":{"line":140,"column":8},"end":{"line":140,"column":30}},"72":{"start":{"line":142,"column":4},"end":{"line":142,"column":14}},"73":{"start":{"line":145,"column":0},"end":{"line":145,"column":28}}},"fnMap":{"0":{"name":"(anonymous_0)","decl":{"start":{"line":2,"column":4},"end":{"line":2,"column":5}},"loc":{"start":{"line":2,"column":18},"end":{"line":5,"column":5}},"line":2},"1":{"name":"(anonymous_1)","decl":{"start":{"line":7,"column":4},"end":{"line":7,"column":5}},"loc":{"start":{"line":7,"column":18},"end":{"line":23,"column":5}},"line":7},"2":{"name":"(anonymous_2)","decl":{"start":{"line":25,"column":4},"end":{"line":25,"column":5}},"loc":{"start":{"line":25,"column":17},"end":{"line":31,"column":5}},"line":25},"3":{"name":"(anonymous_3)","decl":{"start":{"line":33,"column":4},"end":{"line":33,"column":5}},"loc":{"start":{"line":33,"column":19},"end":{"line":37,"column":5}},"line":33},"4":{"name":"(anonymous_4)","decl":{"start":{"line":39,"column":4},"end":{"line":39,"column":5}},"loc":{"start":{"line":39,"column":17},"end":{"line":42,"column":5}},"line":39},"5":{"name":"(anonymous_5)","decl":{"start":{"line":44,"column":4},"end":{"line":44,"column":5}},"loc":{"start":{"line":44,"column":11},"end":{"line":46,"column":5}},"line":44},"6":{"name":"(anonymous_6)","decl":{"start":{"line":48,"column":4},"end":{"line":48,"column":5}},"loc":{"start":{"line":48,"column":11},"end":{"line":50,"column":5}},"line":48},"7":{"name":"(anonymous_7)","decl":{"start":{"line":52,"column":4},"end":{"line":52,"column":5}},"loc":{"start":{"line":52,"column":11},"end":{"line":55,"column":5}},"line":52},"8":{"name":"(anonymous_8)","decl":{"start":{"line":57,"column":4},"end":{"line":57,"column":5}},"loc":{"start":{"line":57,"column":14},"end":{"line":65,"column":5}},"line":57},"9":{"name":"(anonymous_9)","decl":{"start":{"line":67,"column":4},"end":{"line":67,"column":5}},"loc":{"start":{"line":67,"column":20},"end":{"line":77,"column":5}},"line":67},"10":{"name":"(anonymous_10)","decl":{"start":{"line":79,"column":4},"end":{"line":79,"column":5}},"loc":{"start":{"line":79,"column":16},"end":{"line":92,"column":5}},"line":79},"11":{"name":"(anonymous_11)","decl":{"start":{"line":94,"column":4},"end":{"line":94,"column":5}},"loc":{"start":{"line":94,"column":15},"end":{"line":102,"column":5}},"line":94},"12":{"name":"(anonymous_12)","decl":{"start":{"line":104,"column":4},"end":{"line":104,"column":5}},"loc":{"start":{"line":104,"column":27},"end":{"line":113,"column":5}},"line":104},"13":{"name":"(anonymous_13)","decl":{"start":{"line":115,"column":4},"end":{"line":115,"column":5}},"loc":{"start":{"line":115,"column":20},"end":{"line":124,"column":5}},"line":115},"14":{"name":"(anonymous_14)","decl":{"start":{"line":128,"column":4},"end":{"line":128,"column":5}},"loc":{"start":{"line":128,"column":36},"end":{"line":131,"column":5}},"line":128},"15":{"name":"(anonymous_15)","decl":{"start":{"line":135,"column":24},"end":{"line":135,"column":25}},"loc":{"start":{"line":135,"column":44},"end":{"line":143,"column":1}},"line":135}},"branchMap":{"0":{"loc":{"start":{"line":10,"column":8},"end":{"line":20,"column":9}},"type":"if","locations":[{"start":{"line":10,"column":8},"end":{"line":20,"column":9}},{"start":{"line":12,"column":15},"end":{"line":20,"column":9}}],"line":10},"1":{"loc":{"start":{"line":27,"column":8},"end":{"line":27,"column":45}},"type":"if","locations":[{"start":{"line":27,"column":8},"end":{"line":27,"column":45}},{"start":{},"end":{}}],"line":27},"2":{"loc":{"start":{"line":58,"column":8},"end":{"line":58,"column":59}},"type":"if","locations":[{"start":{"line":58,"column":8},"end":{"line":58,"column":59}},{"start":{},"end":{}}],"line":58},"3":{"loc":{"start":{"line":58,"column":12},"end":{"line":58,"column":45}},"type":"binary-expr","locations":[{"start":{"line":58,"column":12},"end":{"line":58,"column":21}},{"start":{"line":58,"column":25},"end":{"line":58,"column":45}}],"line":58},"4":{"loc":{"start":{"line":71,"column":12},"end":{"line":73,"column":13}},"type":"if","locations":[{"start":{"line":71,"column":12},"end":{"line":73,"column":13}},{"start":{},"end":{}}],"line":71},"5":{"loc":{"start":{"line":84,"column":12},"end":{"line":86,"column":13}},"type":"if","locations":[{"start":{"line":84,"column":12},"end":{"line":86,"column":13}},{"start":{},"end":{}}],"line":84},"6":{"loc":{"start":{"line":105,"column":8},"end":{"line":105,"column":52}},"type":"if","locations":[{"start":{"line":105,"column":8},"end":{"line":105,"column":52}},{"start":{},"end":{}}],"line":105},"7":{"loc":{"start":{"line":109,"column":8},"end":{"line":109,"column":38}},"type":"if","locations":[{"start":{"line":109,"column":8},"end":{"line":109,"column":38}},{"start":{},"end":{}}],"line":109},"8":{"loc":{"start":{"line":116,"column":8},"end":{"line":116,"column":50}},"type":"if","locations":[{"start":{"line":116,"column":8},"end":{"line":116,"column":50}},{"start":{},"end":{}}],"line":116},"9":{"loc":{"start":{"line":120,"column":8},"end":{"line":120,"column":38}},"type":"if","locations":[{"start":{"line":120,"column":8},"end":{"line":120,"column":38}},{"start":{},"end":{}}],"line":120},"10":{"loc":{"start":{"line":128,"column":23},"end":{"line":128,"column":34}},"type":"default-arg","locations":[{"start":{"line":128,"column":30},"end":{"line":128,"column":34}}],"line":128}},"s":{"0":20,"1":20,"2":1,"3":1,"4":0,"5":1,"6":1,"7":1,"8":1,"9":1,"10":1,"11":1,"12":0,"13":1,"14":1,"15":56,"16":56,"17":56,"18":2,"19":2,"20":0,"21":0,"22":0,"23":0,"24":13,"25":6,"26":7,"27":7,"28":7,"29":8,"30":7,"31":2,"32":2,"33":7,"34":1,"35":6,"36":1,"37":2,"38":2,"39":2,"40":5,"41":1,"42":4,"43":4,"44":1,"45":0,"46":0,"47":0,"48":0,"49":0,"50":0,"51":4,"52":1,"53":3,"54":3,"55":2,"56":1,"57":1,"58":4,"59":1,"60":3,"61":3,"62":2,"63":1,"64":1,"65":58,"66":58,"67":1,"68":20,"69":20,"70":20,"71":54,"72":20,"73":1},"f":{"0":20,"1":1,"2":1,"3":56,"4":2,"5":0,"6":0,"7":0,"8":13,"9":2,"10":2,"11":0,"12":4,"13":4,"14":58,"15":20},"b":{"0":[0,1],"1":[0,1],"2":[6,7],"3":[13,9],"4":[1,6],"5":[1,4],"6":[1,3],"7":[2,1],"8":[1,3],"9":[2,1],"10":[1]},"_coverageSchema":"1a1c01bbd47fc00a2c39e90264f33305004495a9","hash":"c2be0370643b73c14fc7e726c3d8d5d1240825e1"}
}
