TN:
SF:LinkedList.js
FN:2,(anonymous_0)
FN:7,(anonymous_1)
FN:25,(anonymous_2)
FN:33,(anonymous_3)
FN:39,(anonymous_4)
FN:44,(anonymous_5)
FN:48,(anonymous_6)
FN:52,(anonymous_7)
FN:57,(anonymous_8)
FN:67,(anonymous_9)
FN:79,(anonymous_10)
FN:94,(anonymous_11)
FN:104,(anonymous_12)
FN:115,(anonymous_13)
FN:128,(anonymous_14)
FN:135,(anonymous_15)
FNF:16
FNH:12
FNDA:20,(anonymous_0)
FNDA:1,(anonymous_1)
FNDA:1,(anonymous_2)
FNDA:56,(anonymous_3)
FNDA:2,(anonymous_4)
FNDA:0,(anonymous_5)
FNDA:0,(anonymous_6)
FNDA:0,(anonymous_7)
FNDA:13,(anonymous_8)
FNDA:2,(anonymous_9)
FNDA:2,(anonymous_10)
FNDA:0,(anonymous_11)
FNDA:4,(anonymous_12)
FNDA:4,(anonymous_13)
FNDA:58,(anonymous_14)
FNDA:20,(anonymous_15)
DA:3,20
DA:4,20
DA:8,1
DA:10,1
DA:11,0
DA:13,1
DA:15,1
DA:16,1
DA:19,1
DA:22,1
DA:26,1
DA:27,1
DA:29,1
DA:30,1
DA:34,56
DA:35,56
DA:36,56
DA:40,2
DA:41,2
DA:45,0
DA:49,0
DA:53,0
DA:54,0
DA:58,13
DA:60,7
DA:61,7
DA:62,8
DA:64,7
DA:68,2
DA:70,2
DA:71,7
DA:72,1
DA:74,6
DA:76,1
DA:80,2
DA:81,2
DA:83,2
DA:84,5
DA:85,1
DA:87,4
DA:88,4
DA:91,1
DA:95,0
DA:96,0
DA:97,0
DA:98,0
DA:99,0
DA:101,0
DA:105,4
DA:108,3
DA:109,3
DA:111,1
DA:112,1
DA:116,4
DA:119,3
DA:120,3
DA:122,1
DA:123,1
DA:129,58
DA:130,58
DA:135,1
DA:136,20
DA:139,20
DA:140,54
DA:142,20
DA:145,1
LF:66
LH:55
BRDA:10,0,0,0
BRDA:10,0,1,1
BRDA:27,1,0,0
BRDA:27,1,1,1
BRDA:58,2,0,6
BRDA:58,2,1,7
BRDA:58,3,0,13
BRDA:58,3,1,9
BRDA:71,4,0,1
BRDA:71,4,1,6
BRDA:84,5,0,1
BRDA:84,5,1,4
BRDA:105,6,0,1
BRDA:105,6,1,3
BRDA:109,7,0,2
BRDA:109,7,1,1
BRDA:116,8,0,1
BRDA:116,8,1,3
BRDA:120,9,0,2
BRDA:120,9,1,1
BRDA:128,10,0,1
BRF:21
BRH:19
end_of_record
